<?xml version="1.0" encoding="UTF-8"?>
<!-- Generated by org.testng.reporters.JUnitReportReporter -->
<testsuite skipped="0" hostname="sohels-MacBook-Pro.local" name="com.saucedemo.js.uitest.UITest" tests="2" failures="0" timestamp="2019-10-24T21:21:26 EDT" time="39.425" errors="0">
  <testcase name="runTests" time="21.710" classname="com.saucedemo.js.uitest.UITest"/>
  <testcase name="runHeadlessTests" time="17.715" classname="com.saucedemo.js.uitest.UITest"/>
</testsuite> <!-- com.saucedemo.js.uitest.UITest -->
